<?xml version="1.0" encoding="UTF-8"?>
<testsuite name="dev.carrico.utiltests.JwtTests" tests="3" skipped="0" failures="0" errors="0" timestamp="2021-03-06T21:25:56" hostname="LAPTOP-BCCHPN74" time="0.232">
  <properties/>
  <testcase name="edited_jwt()" classname="dev.carrico.utiltests.JwtTests" time="0.212"/>
  <testcase name="decode_jwt()" classname="dev.carrico.utiltests.JwtTests" time="0.006"/>
  <testcase name="create_jwt()" classname="dev.carrico.utiltests.JwtTests" time="0.012"/>
  <system-out><![CDATA[manager
eyJ0eXAiOiJKV1QiLCJhbGciOiJIUzI1NiJ9.eyJyb2xlIjoibWFuYWdlciIsImVtcE5hbWUiOiJqZXNzaWUxIn0.uD-ZX-wndLv8akvpL0u6hjV0vm5g3tG75cJ1iHHiN9A
]]></system-out>
  <system-err><![CDATA[]]></system-err>
</testsuite>
